<?xml version="1.0" encoding="UTF-8"?>
<!-- Generated by org.testng.reporters.JUnitXMLReporter -->
<testsuite ignored="0" hostname="NAG1-LHP-N76161" failures="0" tests="3" name="Command line test" time="2.769" errors="0" timestamp="2022-08-23T15:57:34 IST">
  <testcase classname="com.automation.Test.BaseTest" name="@BeforeMethod Precondition" time="1.14">
    <failure type="java.io.FileNotFoundException" message="C:\Users\sagar.kamdi\eclipse-workspace\OrangeHRM_Globallogic\src\test\resources\Config\Config (The system cannot find the file specified)">
      <![CDATA[java.io.FileNotFoundException: C:\Users\sagar.kamdi\eclipse-workspace\OrangeHRM_Globallogic\src\test\resources\Config\Config (The system cannot find the file specified)
at java.base/java.io.FileInputStream.open0(Native Method)
at java.base/java.io.FileInputStream.open(FileInputStream.java:216)
at java.base/java.io.FileInputStream.<init>(FileInputStream.java:157)
at java.base/java.io.FileInputStream.<init>(FileInputStream.java:111)
at com.automation.GenericUtils.PropertyReader.initProperty(PropertyReader.java:12)
at com.automation.Test.BaseTest.Precondition(BaseTest.java:18)
at java.base/java.util.ArrayList.forEach(ArrayList.java:1511)
... Removed 41 stack frames]]>
    </failure>
  </testcase> <!-- @BeforeMethod Precondition -->
  <testcase classname="com.automation.Test.BaseTest" name="@BeforeMethod Precondition" time="0.833">
    <failure type="java.io.FileNotFoundException" message="C:\Users\sagar.kamdi\eclipse-workspace\OrangeHRM_Globallogic\src\test\resources\Config\Config (The system cannot find the file specified)">
      <![CDATA[java.io.FileNotFoundException: C:\Users\sagar.kamdi\eclipse-workspace\OrangeHRM_Globallogic\src\test\resources\Config\Config (The system cannot find the file specified)
at java.base/java.io.FileInputStream.open0(Native Method)
at java.base/java.io.FileInputStream.open(FileInputStream.java:216)
at java.base/java.io.FileInputStream.<init>(FileInputStream.java:157)
at java.base/java.io.FileInputStream.<init>(FileInputStream.java:111)
at com.automation.GenericUtils.PropertyReader.initProperty(PropertyReader.java:12)
at com.automation.Test.BaseTest.Precondition(BaseTest.java:18)
at java.base/java.util.ArrayList.forEach(ArrayList.java:1511)
... Removed 41 stack frames]]>
    </failure>
  </testcase> <!-- @BeforeMethod Precondition -->
  <testcase classname="com.automation.Test.BaseTest" name="@BeforeMethod Precondition" time="0.771">
    <failure type="java.io.FileNotFoundException" message="C:\Users\sagar.kamdi\eclipse-workspace\OrangeHRM_Globallogic\src\test\resources\Config\Config (The system cannot find the file specified)">
      <![CDATA[java.io.FileNotFoundException: C:\Users\sagar.kamdi\eclipse-workspace\OrangeHRM_Globallogic\src\test\resources\Config\Config (The system cannot find the file specified)
at java.base/java.io.FileInputStream.open0(Native Method)
at java.base/java.io.FileInputStream.open(FileInputStream.java:216)
at java.base/java.io.FileInputStream.<init>(FileInputStream.java:157)
at java.base/java.io.FileInputStream.<init>(FileInputStream.java:111)
at com.automation.GenericUtils.PropertyReader.initProperty(PropertyReader.java:12)
at com.automation.Test.BaseTest.Precondition(BaseTest.java:18)
at java.base/java.util.ArrayList.forEach(ArrayList.java:1511)
... Removed 41 stack frames]]>
    </failure>
  </testcase> <!-- @BeforeMethod Precondition -->
  <testcase classname="com.automation.Test.Add2CartTest" name="VerifyAdd2Cart" time="0.0">
    <skipped/>
  </testcase> <!-- VerifyAdd2Cart -->
  <testcase classname="com.automation.Test.CheckoutTest" name="VerifyCheckout" time="0.0">
    <skipped/>
  </testcase> <!-- VerifyCheckout -->
  <testcase classname="com.automation.Test.LoginTest" name="VerifysuccessfulLogin" time="0.0">
    <skipped/>
  </testcase> <!-- VerifysuccessfulLogin -->
</testsuite> <!-- Command line test -->
